<?xml version="1.0" encoding="UTF-8"?>
<!-- Generated by org.testng.reporters.JUnitXMLReporter -->
<testsuite hostname="sourceandroid" ignored="0" name="Test" tests="3" failures="1" timestamp="27 Aug 2019 14:44:25 GMT" time="29.656" errors="0">
  <testcase name="verifyProductClick" time="0.005" classname="com.qa.tests.HomeTest">
    <failure type="java.lang.NullPointerException">
      <![CDATA[java.lang.NullPointerException
	at org.openqa.selenium.support.pagefactory.DefaultElementLocator.findElement(DefaultElementLocator.java:69)
	at org.openqa.selenium.support.pagefactory.internal.LocatingElementHandler.invoke(LocatingElementHandler.java:38)
	at com.sun.proxy.$Proxy8.click(Unknown Source)
	at com.qa.pages.HomePage.clickOnProduct(HomePage.java:24)
	at com.qa.tests.HomeTest.verifyProductClick(HomeTest.java:32)
... Removed 25 stack frames]]>
    </failure>
  </testcase> <!-- verifyProductClick -->
  <testcase name="verfiyLoginLink" time="2.086" classname="com.qa.tests.LoginTest"/>
  <testcase name="verifyLoginCrediantial" time="6.511" classname="com.qa.tests.LoginTest"/>
</testsuite> <!-- Test -->
