<?xml version="1.0" encoding="UTF-8"?>
<!-- Generated by org.testng.reporters.JUnitXMLReporter -->
<testsuite hostname="sourceandroid" ignored="0" name="Test" tests="3" failures="0" timestamp="10 Sep 2019 13:10:47 GMT" time="72.12" errors="0">
  <testcase name="verfiyLoginLink" time="2.089" classname="com.qa.tests.LoginTest"/>
  <testcase name="verifyLoginCrediantial" time="8.495" classname="com.qa.tests.LoginTest"/>
  <testcase name="verifySliderForProductPriceBy" time="26.525" classname="com.qa.tests.HomeTest"/>
</testsuite> <!-- Test -->
