<?xml version="1.0" encoding="UTF-8"?>
<testng-results skipped="0" failed="0" ignored="0" total="1" passed="1">
  <reporter-output>
  </reporter-output>
  <suite name="Default suite" duration-ms="37971" started-at="2019-08-29T13:39:13Z" finished-at="2019-08-29T13:39:51Z">
    <groups>
    </groups>
    <test name="Default test" duration-ms="37971" started-at="2019-08-29T13:39:13Z" finished-at="2019-08-29T13:39:51Z">
      <class name="com.qa.tests.HomeTest">
        <test-method status="PASS" signature="setUP()[pri:0, instance:com.qa.tests.HomeTest@3e6fa38a]" name="setUP" is-config="true" duration-ms="11947" started-at="2019-08-29T19:09:13Z" finished-at="2019-08-29T19:09:25Z">
          <reporter-output>
          </reporter-output>
        </test-method> <!-- setUP -->
        <test-method status="PASS" signature="verifySliderForProductPriceBy()[pri:4, instance:com.qa.tests.HomeTest@3e6fa38a]" name="verifySliderForProductPriceBy" duration-ms="26002" started-at="2019-08-29T19:09:25Z" finished-at="2019-08-29T19:09:51Z">
          <reporter-output>
          </reporter-output>
        </test-method> <!-- verifySliderForProductPriceBy -->
      </class> <!-- com.qa.tests.HomeTest -->
    </test> <!-- Default test -->
  </suite> <!-- Default suite -->
</testng-results>
